<?xml version="1.0" encoding="UTF-8"?>
<!-- Generated by org.testng.reporters.JUnitXMLReporter -->
<testsuite ignored="0" hostname="DESKTOP-IVCEMNE" failures="0" tests="3" name="Default test" time="0.094" errors="0" timestamp="2025-08-22T20:30:34 IST">
  <testcase classname="TestNG_Basics.DataProvider_Practice" name="getDetails" time="0.012"/>
  <testcase classname="TestNG_Basics.DataProvider_Practice" name="getDetails" time="0.003"/>
  <testcase classname="TestNG_Basics.DataProvider_Practice" name="getDetails" time="0.002"/>
</testsuite> <!-- Default test -->
