<?xml version="1.0" encoding="UTF-8"?>
<!-- Generated by org.testng.reporters.JUnitXMLReporter -->
<testsuite ignored="5" hostname="DESKTOP-IVCEMNE" failures="0" tests="2" name="Car Loan" time="0.01" errors="0" timestamp="2025-08-18T22:43:07 IST">
  <testcase classname="TestNG_Basics.CarLoan" name="APILoginCar" time="0.001"/>
  <testcase classname="TestNG_Basics.CarLoan" name="webLoginCar" time="0.002"/>
  <testcase classname="TestNG_Basics.CarLoan" name="mobileImagesCar" time="0.0">
    <ignored/>
  </testcase> <!-- mobileImagesCar -->
  <testcase classname="TestNG_Basics.CarLoan" name="mobilePriceCar" time="0.0">
    <ignored/>
  </testcase> <!-- mobilePriceCar -->
  <testcase classname="TestNG_Basics.CarLoan" name="mobileColorCar" time="0.0">
    <ignored/>
  </testcase> <!-- mobileColorCar -->
  <testcase classname="TestNG_Basics.CarLoan" name="mobileLoginCar" time="0.0">
    <ignored/>
  </testcase> <!-- mobileLoginCar -->
  <testcase classname="TestNG_Basics.CarLoan" name="mobileLogoutCar" time="0.0">
    <ignored/>
  </testcase> <!-- mobileLogoutCar -->
</testsuite> <!-- Car Loan -->
