<?xml version="1.0" encoding="UTF-8"?>
<!-- Generated by org.testng.reporters.JUnitXMLReporter -->
<testsuite ignored="0" hostname="DESKTOP-IVCEMNE" failures="0" tests="13" name="Personal Loan" time="0.2" errors="0" timestamp="2025-08-18T22:47:34 IST">
  <testcase classname="TestNG_Basics.Basic_TestCase" name="carLoan" time="0.019"/>
  <testcase classname="TestNG_Basics.Basic_TestCase" name="perLoan" time="0.003"/>
  <testcase classname="TestNG_Basics.CarLoan" name="APILoginCar" time="0.003"/>
  <testcase classname="TestNG_Basics.CarLoan" name="mobileColorCar" time="0.002"/>
  <testcase classname="TestNG_Basics.CarLoan" name="mobileImagesCar" time="0.002"/>
  <testcase classname="TestNG_Basics.CarLoan" name="mobileLoginCar" time="0.002"/>
  <testcase classname="TestNG_Basics.CarLoan" name="mobileLogoutCar" time="0.003"/>
  <testcase classname="TestNG_Basics.CarLoan" name="mobilePriceCar" time="0.005"/>
  <testcase classname="TestNG_Basics.CarLoan" name="webLoginCar" time="0.002"/>
  <testcase classname="TestNG_Basics.HomeLoan" name="APILoginHome" time="0.003"/>
  <testcase classname="TestNG_Basics.HomeLoan" name="mobileLoginHome" time="0.003"/>
  <testcase classname="TestNG_Basics.HomeLoan" name="webLoginHome" time="0.003"/>
  <testcase classname="TestNG_Basics.NewClass_TestNG" name="homeLoan" time="0.002"/>
</testsuite> <!-- Personal Loan -->
