<?xml version="1.0" encoding="UTF-8"?>
<!-- Generated by org.testng.reporters.JUnitXMLReporter -->
<testsuite ignored="1" hostname="DESKTOP-IVCEMNE" failures="0" tests="6" name="Personal Loan" time="0.209" errors="0" timestamp="2025-08-19T00:44:28 IST">
  <testcase classname="TestNG_Basics.Basic_TestCase" name="carLoan" time="0.017"/>
  <testcase classname="TestNG_Basics.Basic_TestCase" name="perLoan" time="0.004"/>
  <testcase classname="TestNG_Basics.NewClass_TestNG" name="homeLoan" time="0.002"/>
  <testcase classname="TestNG_Basics.NewClass_TestNG" name="parameterTest" time="0.005"/>
  <testcase classname="TestNG_Basics.HomeLoan" name="webLoginHome" time="0.003"/>
  <testcase classname="TestNG_Basics.HomeLoan" name="APILoginHome" time="0.003"/>
  <testcase classname="TestNG_Basics.HomeLoan" name="mobileLoginHome" time="0.0">
    <ignored/>
  </testcase> <!-- mobileLoginHome -->
</testsuite> <!-- Personal Loan -->
