<?xml version="1.0" encoding="UTF-8"?>
<!-- Generated by org.testng.reporters.JUnitXMLReporter -->
<testsuite ignored="0" hostname="DESKTOP-IVCEMNE" failures="0" tests="6" name="Test" time="0.105" errors="0" timestamp="2025-08-18T21:40:32 IST">
  <testcase classname="TestNG_Basics.Basic_TestCase" name="carLoan" time="0.024"/>
  <testcase classname="TestNG_Basics.Basic_TestCase" name="perLoan" time="0.002"/>
  <testcase classname="TestNG_Basics.NewClass_TestNG" name="homeLoan" time="0.002"/>
  <testcase classname="TestNG_Basics.HomeLoan" name="APILoginHome" time="0.002"/>
  <testcase classname="TestNG_Basics.HomeLoan" name="mobileLoginHome" time="0.002"/>
  <testcase classname="TestNG_Basics.HomeLoan" name="webLoginHome" time="0.002"/>
</testsuite> <!-- Test -->
