<?xml version="1.0" encoding="UTF-8"?>
<!-- Generated by org.testng.reporters.JUnitXMLReporter -->
<testsuite ignored="0" hostname="DESKTOP-IVCEMNE" failures="0" tests="3" name="Test" time="0.144" errors="0" timestamp="2025-08-18T21:09:23 IST">
  <testcase classname="TestNG_Basics.Basic_TestCase" name="carLoan" time="0.023"/>
  <testcase classname="TestNG_Basics.Basic_TestCase" name="perLoan" time="0.004"/>
  <testcase classname="TestNG_Basics.NewClass_TestNG" name="homeLoan" time="0.004"/>
</testsuite> <!-- Test -->
