<?xml version="1.0" encoding="UTF-8"?>
<testng-results ignored="10" total="13" passed="3" failed="0" skipped="0">
  <reporter-output>
  </reporter-output>
  <suite started-at="2025-08-18T23:41:48 IST" name="Loan Department" finished-at="2025-08-18T23:41:49 IST" duration-ms="411">
    <groups>
      <group name="Smoke">
        <method signature="CarLoan.mobileLogoutCar()[pri:0, instance:TestNG_Basics.CarLoan@f5958c9]" name="mobileLogoutCar" class="TestNG_Basics.CarLoan"/>
        <method signature="HomeLoan.webLoginHome()[pri:0, instance:TestNG_Basics.HomeLoan@77c2494c]" name="webLoginHome" class="TestNG_Basics.HomeLoan"/>
        <method signature="NewClass_TestNG.homeLoan()[pri:0, instance:TestNG_Basics.NewClass_TestNG@477b4cdf]" name="homeLoan" class="TestNG_Basics.NewClass_TestNG"/>
      </group> <!-- Smoke -->
    </groups>
    <test started-at="2025-08-18T23:41:48 IST" name="Personal Loan" finished-at="2025-08-18T23:41:49 IST" duration-ms="411">
      <class name="TestNG_Basics.CarLoan">
        <test-method signature="mobileLogoutCar()[pri:0, instance:TestNG_Basics.CarLoan@f5958c9]" started-at="2025-08-18T23:41:49 IST" name="mobileLogoutCar" finished-at="2025-08-18T23:41:49 IST" duration-ms="4" status="PASS">
          <reporter-output>
          </reporter-output>
        </test-method> <!-- mobileLogoutCar -->
      </class> <!-- TestNG_Basics.CarLoan -->
      <class name="TestNG_Basics.HomeLoan">
        <test-method signature="webLoginHome()[pri:0, instance:TestNG_Basics.HomeLoan@77c2494c]" started-at="2025-08-18T23:41:49 IST" name="webLoginHome" finished-at="2025-08-18T23:41:49 IST" duration-ms="3" status="PASS">
          <reporter-output>
          </reporter-output>
        </test-method> <!-- webLoginHome -->
      </class> <!-- TestNG_Basics.HomeLoan -->
      <class name="TestNG_Basics.NewClass_TestNG">
        <test-method signature="homeLoan()[pri:0, instance:TestNG_Basics.NewClass_TestNG@477b4cdf]" started-at="2025-08-18T23:41:49 IST" name="homeLoan" finished-at="2025-08-18T23:41:49 IST" duration-ms="35" status="PASS">
          <reporter-output>
          </reporter-output>
        </test-method> <!-- homeLoan -->
      </class> <!-- TestNG_Basics.NewClass_TestNG -->
    </test> <!-- Personal Loan -->
  </suite> <!-- Loan Department -->
</testng-results>
